/usr/local/apps/hicpro/conda/envs/3.1.0/bin/python /usr/local/apps/hicpro/conda/envs/3.1.0/HiC-Pro_3.1.0/scripts/mapped_2hic_fragments.py -v -S -t 100 -m 100000 -s 100 -l 600 -a -f /usr/local/apps/hicpro/conda/envs/3.1.0/HiC-Pro_3.1.0/annotation/HindIII_resfrag_hg19.bed -r bowtie_results/bwt2/dixon_2M_2/SRR400264_01_genome.bwt2pairs.bam -o hic_results/data/dixon_2M_2
[E::idx_find_and_load] Could not retrieve index file for 'bowtie_results/bwt2/dixon_2M_2/SRR400264_01_genome.bwt2pairs.bam'
## overlapMapped2HiCFragments.py
## mappedReadsFile= bowtie_results/bwt2/dixon_2M_2/SRR400264_01_genome.bwt2pairs.bam
## fragmentFile= /usr/local/apps/hicpro/conda/envs/3.1.0/HiC-Pro_3.1.0/annotation/HindIII_resfrag_hg19.bed
## minInsertSize= 100
## maxInsertSize= 600
## minFragSize= 100
## maxFragSize= 100000
## allOuput= True
## SAM ouput= True
## verbose=True

## Loading Restriction File Intervals /usr/local/apps/hicpro/conda/envs/3.1.0/HiC-Pro_3.1.0/annotation/HindIII_resfrag_hg19.bed ...
Warning : 28576 fragment(s) outside of range and discarded. 809075 remaining.
load_restriction_fragment function took 7179.005ms
## Opening SAM/BAM file bowtie_results/bwt2/dixon_2M_2/SRR400264_01_genome.bwt2pairs.bam ...
## Classifying Interactions ...
## 100000
## 200000
## Sorting valid interaction file ...
LANG=en; sort -T tmp -k2,2V -k3,3n -k5,5V -k6,6n -o hic_results/data/dixon_2M_2/SRR400264_01_genome.bwt2pairs.validPairs hic_results/data/dixon_2M_2/SRR400264_01_genome.bwt2pairs.validPairs
